2024-05-15 15:28:14,836 [Worker-5: Loading available Gradle versions] INFO  o.e.b.c.i.u.g.PublishedGradleVersions - Gradle version information cache is out-of-date. Trying to update.
2024-05-16 11:59:26,802 [Worker-3: Loading available Gradle versions] INFO  o.e.b.c.i.u.g.PublishedGradleVersions - Gradle version information cache is up-to-date. Trying to read.
2024-05-16 18:19:42,986 [Worker-5: Loading available Gradle versions] INFO  o.e.b.c.i.u.g.PublishedGradleVersions - Gradle version information cache is out-of-date. Trying to update.
2024-05-17 09:15:10,438 [Worker-3: Loading available Gradle versions] INFO  o.e.b.c.i.u.g.PublishedGradleVersions - Gradle version information cache is up-to-date. Trying to read.
2024-05-21 09:45:18,408 [Worker-3: Loading available Gradle versions] INFO  o.e.b.c.i.u.g.PublishedGradleVersions - Gradle version information cache is out-of-date. Trying to update.
2024-05-21 15:28:21,574 [Worker-4: Loading available Gradle versions] INFO  o.e.b.c.i.u.g.PublishedGradleVersions - Gradle version information cache is up-to-date. Trying to read.
2024-05-21 15:29:35,085 [ModalContext] INFO  o.e.m.c.i.e.AbstractTransferListenerAdapter - Downloading https://repo.maven.apache.org/maven2/org/apache/maven/archetypes/maven-archetype-quickstart/1.1/maven-archetype-quickstart-1.1.pom
2024-05-21 15:29:35,114 [ModalContext] INFO  o.e.m.c.i.e.AbstractTransferListenerAdapter - Downloaded https://repo.maven.apache.org/maven2/org/apache/maven/archetypes/maven-archetype-quickstart/1.1/maven-archetype-quickstart-1.1.pom
2024-05-21 15:29:35,172 [ModalContext] INFO  o.e.m.c.i.e.AbstractTransferListenerAdapter - Downloading https://repo.maven.apache.org/maven2/org/apache/maven/archetypes/maven-archetype-bundles/4/maven-archetype-bundles-4.pom
2024-05-21 15:29:35,200 [ModalContext] INFO  o.e.m.c.i.e.AbstractTransferListenerAdapter - Downloaded https://repo.maven.apache.org/maven2/org/apache/maven/archetypes/maven-archetype-bundles/4/maven-archetype-bundles-4.pom
2024-05-21 15:29:35,238 [ModalContext] INFO  o.e.m.c.i.e.AbstractTransferListenerAdapter - Downloading https://repo.maven.apache.org/maven2/org/apache/maven/archetype/maven-archetype/2.0-alpha-5/maven-archetype-2.0-alpha-5.pom
2024-05-21 15:29:35,340 [ModalContext] INFO  o.e.m.c.i.e.AbstractTransferListenerAdapter - Downloaded https://repo.maven.apache.org/maven2/org/apache/maven/archetype/maven-archetype/2.0-alpha-5/maven-archetype-2.0-alpha-5.pom
2024-05-21 15:29:35,388 [ModalContext] INFO  o.e.m.c.i.e.AbstractTransferListenerAdapter - Downloading https://repo.maven.apache.org/maven2/org/apache/maven/maven-parent/16/maven-parent-16.pom
2024-05-21 15:29:35,442 [ModalContext] INFO  o.e.m.c.i.e.AbstractTransferListenerAdapter - Downloaded https://repo.maven.apache.org/maven2/org/apache/maven/maven-parent/16/maven-parent-16.pom
2024-05-21 15:29:35,495 [ModalContext] INFO  o.e.m.c.i.e.AbstractTransferListenerAdapter - Downloading https://repo.maven.apache.org/maven2/org/apache/apache/7/apache-7.pom
2024-05-21 15:29:35,553 [ModalContext] INFO  o.e.m.c.i.e.AbstractTransferListenerAdapter - Downloaded https://repo.maven.apache.org/maven2/org/apache/apache/7/apache-7.pom
2024-05-21 15:29:35,613 [ModalContext] INFO  o.e.m.c.i.e.AbstractTransferListenerAdapter - Downloading https://repo.maven.apache.org/maven2/org/apache/maven/archetypes/maven-archetype-quickstart/1.1/maven-archetype-quickstart-1.1.jar
2024-05-21 15:29:35,687 [ModalContext] INFO  o.e.m.c.i.e.AbstractTransferListenerAdapter - Downloaded https://repo.maven.apache.org/maven2/org/apache/maven/archetypes/maven-archetype-quickstart/1.1/maven-archetype-quickstart-1.1.jar
2024-05-21 15:29:51,448 [Worker-7: Launching mavenrun-9de8ff50-bf21-4fcb-bfae-e68bbc8e9506] INFO  o.eclipse.m2e.core.internal.Bundles - getClasspathEntries(Bundle=org.eclipse.m2e.maven.runtime_3.9.600.20231203-1234 [635])
2024-05-21 15:29:51,450 [Worker-7: Launching mavenrun-9de8ff50-bf21-4fcb-bfae-e68bbc8e9506] INFO  o.eclipse.m2e.core.internal.Bundles - 	Entry: C:\Users\Digital Suppliers\.p2\pool\plugins\org.eclipse.m2e.maven.runtime_3.9.600.20231203-1234
2024-05-21 15:29:51,451 [Worker-7: Launching mavenrun-9de8ff50-bf21-4fcb-bfae-e68bbc8e9506] INFO  o.eclipse.m2e.core.internal.Bundles - 	Entry: C:\Users\Digital Suppliers\.p2\pool\plugins\org.eclipse.m2e.maven.runtime_3.9.600.20231203-1234\jars\aopalliance-1.0.jar
2024-05-21 15:29:51,451 [Worker-7: Launching mavenrun-9de8ff50-bf21-4fcb-bfae-e68bbc8e9506] INFO  o.eclipse.m2e.core.internal.Bundles - 	Entry: C:\Users\Digital Suppliers\.p2\pool\plugins\org.eclipse.m2e.maven.runtime_3.9.600.20231203-1234\jars\guice-5.1.0.jar
2024-05-21 15:29:51,451 [Worker-7: Launching mavenrun-9de8ff50-bf21-4fcb-bfae-e68bbc8e9506] INFO  o.eclipse.m2e.core.internal.Bundles - 	Entry: C:\Users\Digital Suppliers\.p2\pool\plugins\org.eclipse.m2e.maven.runtime_3.9.600.20231203-1234\jars\httpclient-4.5.14.jar
2024-05-21 15:29:51,451 [Worker-7: Launching mavenrun-9de8ff50-bf21-4fcb-bfae-e68bbc8e9506] INFO  o.eclipse.m2e.core.internal.Bundles - 	Entry: C:\Users\Digital Suppliers\.p2\pool\plugins\org.eclipse.m2e.maven.runtime_3.9.600.20231203-1234\jars\httpcore-4.4.16.jar
2024-05-21 15:29:51,452 [Worker-7: Launching mavenrun-9de8ff50-bf21-4fcb-bfae-e68bbc8e9506] INFO  o.eclipse.m2e.core.internal.Bundles - 	Entry: C:\Users\Digital Suppliers\.p2\pool\plugins\org.eclipse.m2e.maven.runtime_3.9.600.20231203-1234\jars\jansi-2.4.0.jar
2024-05-21 15:29:51,452 [Worker-7: Launching mavenrun-9de8ff50-bf21-4fcb-bfae-e68bbc8e9506] INFO  o.eclipse.m2e.core.internal.Bundles - 	Entry: C:\Users\Digital Suppliers\.p2\pool\plugins\org.eclipse.m2e.maven.runtime_3.9.600.20231203-1234\jars\jcl-over-slf4j-1.7.36.jar
2024-05-21 15:29:51,452 [Worker-7: Launching mavenrun-9de8ff50-bf21-4fcb-bfae-e68bbc8e9506] INFO  o.eclipse.m2e.core.internal.Bundles - 	Entry: C:\Users\Digital Suppliers\.p2\pool\plugins\org.eclipse.m2e.maven.runtime_3.9.600.20231203-1234\jars\maven-artifact-3.9.6.jar
2024-05-21 15:29:51,452 [Worker-7: Launching mavenrun-9de8ff50-bf21-4fcb-bfae-e68bbc8e9506] INFO  o.eclipse.m2e.core.internal.Bundles - 	Entry: C:\Users\Digital Suppliers\.p2\pool\plugins\org.eclipse.m2e.maven.runtime_3.9.600.20231203-1234\jars\maven-builder-support-3.9.6.jar
2024-05-21 15:29:51,452 [Worker-7: Launching mavenrun-9de8ff50-bf21-4fcb-bfae-e68bbc8e9506] INFO  o.eclipse.m2e.core.internal.Bundles - 	Entry: C:\Users\Digital Suppliers\.p2\pool\plugins\org.eclipse.m2e.maven.runtime_3.9.600.20231203-1234\jars\maven-compat-3.9.6.jar
2024-05-21 15:29:51,453 [Worker-7: Launching mavenrun-9de8ff50-bf21-4fcb-bfae-e68bbc8e9506] INFO  o.eclipse.m2e.core.internal.Bundles - 	Entry: C:\Users\Digital Suppliers\.p2\pool\plugins\org.eclipse.m2e.maven.runtime_3.9.600.20231203-1234\jars\maven-core-3.9.6.jar
2024-05-21 15:29:51,453 [Worker-7: Launching mavenrun-9de8ff50-bf21-4fcb-bfae-e68bbc8e9506] INFO  o.eclipse.m2e.core.internal.Bundles - 	Entry: C:\Users\Digital Suppliers\.p2\pool\plugins\org.eclipse.m2e.maven.runtime_3.9.600.20231203-1234\jars\maven-embedder-3.9.6.jar
2024-05-21 15:29:51,453 [Worker-7: Launching mavenrun-9de8ff50-bf21-4fcb-bfae-e68bbc8e9506] INFO  o.eclipse.m2e.core.internal.Bundles - 	Entry: C:\Users\Digital Suppliers\.p2\pool\plugins\org.eclipse.m2e.maven.runtime_3.9.600.20231203-1234\jars\maven-model-3.9.6.jar
2024-05-21 15:29:51,453 [Worker-7: Launching mavenrun-9de8ff50-bf21-4fcb-bfae-e68bbc8e9506] INFO  o.eclipse.m2e.core.internal.Bundles - 	Entry: C:\Users\Digital Suppliers\.p2\pool\plugins\org.eclipse.m2e.maven.runtime_3.9.600.20231203-1234\jars\maven-model-builder-3.9.6.jar
2024-05-21 15:29:51,453 [Worker-7: Launching mavenrun-9de8ff50-bf21-4fcb-bfae-e68bbc8e9506] INFO  o.eclipse.m2e.core.internal.Bundles - 	Entry: C:\Users\Digital Suppliers\.p2\pool\plugins\org.eclipse.m2e.maven.runtime_3.9.600.20231203-1234\jars\maven-plugin-api-3.9.6.jar
2024-05-21 15:29:51,453 [Worker-7: Launching mavenrun-9de8ff50-bf21-4fcb-bfae-e68bbc8e9506] INFO  o.eclipse.m2e.core.internal.Bundles - 	Entry: C:\Users\Digital Suppliers\.p2\pool\plugins\org.eclipse.m2e.maven.runtime_3.9.600.20231203-1234\jars\maven-repository-metadata-3.9.6.jar
2024-05-21 15:29:51,453 [Worker-7: Launching mavenrun-9de8ff50-bf21-4fcb-bfae-e68bbc8e9506] INFO  o.eclipse.m2e.core.internal.Bundles - 	Entry: C:\Users\Digital Suppliers\.p2\pool\plugins\org.eclipse.m2e.maven.runtime_3.9.600.20231203-1234\jars\maven-resolver-api-1.9.18.jar
2024-05-21 15:29:51,454 [Worker-7: Launching mavenrun-9de8ff50-bf21-4fcb-bfae-e68bbc8e9506] INFO  o.eclipse.m2e.core.internal.Bundles - 	Entry: C:\Users\Digital Suppliers\.p2\pool\plugins\org.eclipse.m2e.maven.runtime_3.9.600.20231203-1234\jars\maven-resolver-connector-basic-1.9.18.jar
2024-05-21 15:29:51,455 [Worker-7: Launching mavenrun-9de8ff50-bf21-4fcb-bfae-e68bbc8e9506] INFO  o.eclipse.m2e.core.internal.Bundles - 	Entry: C:\Users\Digital Suppliers\.p2\pool\plugins\org.eclipse.m2e.maven.runtime_3.9.600.20231203-1234\jars\maven-resolver-impl-1.9.18.jar
2024-05-21 15:29:51,455 [Worker-7: Launching mavenrun-9de8ff50-bf21-4fcb-bfae-e68bbc8e9506] INFO  o.eclipse.m2e.core.internal.Bundles - 	Entry: C:\Users\Digital Suppliers\.p2\pool\plugins\org.eclipse.m2e.maven.runtime_3.9.600.20231203-1234\jars\maven-resolver-named-locks-1.9.18.jar
2024-05-21 15:29:51,455 [Worker-7: Launching mavenrun-9de8ff50-bf21-4fcb-bfae-e68bbc8e9506] INFO  o.eclipse.m2e.core.internal.Bundles - 	Entry: C:\Users\Digital Suppliers\.p2\pool\plugins\org.eclipse.m2e.maven.runtime_3.9.600.20231203-1234\jars\maven-resolver-provider-3.9.6.jar
2024-05-21 15:29:51,455 [Worker-7: Launching mavenrun-9de8ff50-bf21-4fcb-bfae-e68bbc8e9506] INFO  o.eclipse.m2e.core.internal.Bundles - 	Entry: C:\Users\Digital Suppliers\.p2\pool\plugins\org.eclipse.m2e.maven.runtime_3.9.600.20231203-1234\jars\maven-resolver-spi-1.9.18.jar
2024-05-21 15:29:51,455 [Worker-7: Launching mavenrun-9de8ff50-bf21-4fcb-bfae-e68bbc8e9506] INFO  o.eclipse.m2e.core.internal.Bundles - 	Entry: C:\Users\Digital Suppliers\.p2\pool\plugins\org.eclipse.m2e.maven.runtime_3.9.600.20231203-1234\jars\maven-resolver-transport-file-1.9.18.jar
2024-05-21 15:29:51,456 [Worker-7: Launching mavenrun-9de8ff50-bf21-4fcb-bfae-e68bbc8e9506] INFO  o.eclipse.m2e.core.internal.Bundles - 	Entry: C:\Users\Digital Suppliers\.p2\pool\plugins\org.eclipse.m2e.maven.runtime_3.9.600.20231203-1234\jars\maven-resolver-transport-http-1.9.18.jar
2024-05-21 15:29:51,456 [Worker-7: Launching mavenrun-9de8ff50-bf21-4fcb-bfae-e68bbc8e9506] INFO  o.eclipse.m2e.core.internal.Bundles - 	Entry: C:\Users\Digital Suppliers\.p2\pool\plugins\org.eclipse.m2e.maven.runtime_3.9.600.20231203-1234\jars\maven-resolver-transport-wagon-1.9.18.jar
2024-05-21 15:29:51,456 [Worker-7: Launching mavenrun-9de8ff50-bf21-4fcb-bfae-e68bbc8e9506] INFO  o.eclipse.m2e.core.internal.Bundles - 	Entry: C:\Users\Digital Suppliers\.p2\pool\plugins\org.eclipse.m2e.maven.runtime_3.9.600.20231203-1234\jars\maven-resolver-util-1.9.18.jar
2024-05-21 15:29:51,456 [Worker-7: Launching mavenrun-9de8ff50-bf21-4fcb-bfae-e68bbc8e9506] INFO  o.eclipse.m2e.core.internal.Bundles - 	Entry: C:\Users\Digital Suppliers\.p2\pool\plugins\org.eclipse.m2e.maven.runtime_3.9.600.20231203-1234\jars\maven-settings-3.9.6.jar
2024-05-21 15:29:51,456 [Worker-7: Launching mavenrun-9de8ff50-bf21-4fcb-bfae-e68bbc8e9506] INFO  o.eclipse.m2e.core.internal.Bundles - 	Entry: C:\Users\Digital Suppliers\.p2\pool\plugins\org.eclipse.m2e.maven.runtime_3.9.600.20231203-1234\jars\maven-settings-builder-3.9.6.jar
2024-05-21 15:29:51,456 [Worker-7: Launching mavenrun-9de8ff50-bf21-4fcb-bfae-e68bbc8e9506] INFO  o.eclipse.m2e.core.internal.Bundles - 	Entry: C:\Users\Digital Suppliers\.p2\pool\plugins\org.eclipse.m2e.maven.runtime_3.9.600.20231203-1234\jars\maven-shared-utils-3.3.4.jar
2024-05-21 15:29:51,457 [Worker-7: Launching mavenrun-9de8ff50-bf21-4fcb-bfae-e68bbc8e9506] INFO  o.eclipse.m2e.core.internal.Bundles - 	Entry: C:\Users\Digital Suppliers\.p2\pool\plugins\org.eclipse.m2e.maven.runtime_3.9.600.20231203-1234\jars\org.eclipse.sisu.inject-0.9.0.M2.jar
2024-05-21 15:29:51,458 [Worker-7: Launching mavenrun-9de8ff50-bf21-4fcb-bfae-e68bbc8e9506] INFO  o.eclipse.m2e.core.internal.Bundles - 	Entry: C:\Users\Digital Suppliers\.p2\pool\plugins\org.eclipse.m2e.maven.runtime_3.9.600.20231203-1234\jars\org.eclipse.sisu.plexus-0.9.0.M2.jar
2024-05-21 15:29:51,458 [Worker-7: Launching mavenrun-9de8ff50-bf21-4fcb-bfae-e68bbc8e9506] INFO  o.eclipse.m2e.core.internal.Bundles - 	Entry: C:\Users\Digital Suppliers\.p2\pool\plugins\org.eclipse.m2e.maven.runtime_3.9.600.20231203-1234\jars\plexus-build-api-0.0.7.jar
2024-05-21 15:29:51,458 [Worker-7: Launching mavenrun-9de8ff50-bf21-4fcb-bfae-e68bbc8e9506] INFO  o.eclipse.m2e.core.internal.Bundles - 	Entry: C:\Users\Digital Suppliers\.p2\pool\plugins\org.eclipse.m2e.maven.runtime_3.9.600.20231203-1234\jars\plexus-cipher-2.0.jar
2024-05-21 15:29:51,458 [Worker-7: Launching mavenrun-9de8ff50-bf21-4fcb-bfae-e68bbc8e9506] INFO  o.eclipse.m2e.core.internal.Bundles - 	Entry: C:\Users\Digital Suppliers\.p2\pool\plugins\org.eclipse.m2e.maven.runtime_3.9.600.20231203-1234\jars\plexus-classworlds-2.7.0.jar
2024-05-21 15:29:51,458 [Worker-7: Launching mavenrun-9de8ff50-bf21-4fcb-bfae-e68bbc8e9506] INFO  o.eclipse.m2e.core.internal.Bundles - 	Entry: C:\Users\Digital Suppliers\.p2\pool\plugins\org.eclipse.m2e.maven.runtime_3.9.600.20231203-1234\jars\plexus-component-annotations-2.1.0.jar
2024-05-21 15:29:51,458 [Worker-7: Launching mavenrun-9de8ff50-bf21-4fcb-bfae-e68bbc8e9506] INFO  o.eclipse.m2e.core.internal.Bundles - 	Entry: C:\Users\Digital Suppliers\.p2\pool\plugins\org.eclipse.m2e.maven.runtime_3.9.600.20231203-1234\jars\plexus-interpolation-1.26.jar
2024-05-21 15:29:51,458 [Worker-7: Launching mavenrun-9de8ff50-bf21-4fcb-bfae-e68bbc8e9506] INFO  o.eclipse.m2e.core.internal.Bundles - 	Entry: C:\Users\Digital Suppliers\.p2\pool\plugins\org.eclipse.m2e.maven.runtime_3.9.600.20231203-1234\jars\plexus-sec-dispatcher-2.0.jar
2024-05-21 15:29:51,459 [Worker-7: Launching mavenrun-9de8ff50-bf21-4fcb-bfae-e68bbc8e9506] INFO  o.eclipse.m2e.core.internal.Bundles - 	Entry: C:\Users\Digital Suppliers\.p2\pool\plugins\org.eclipse.m2e.maven.runtime_3.9.600.20231203-1234\jars\plexus-utils-3.5.1.jar
2024-05-21 15:29:51,459 [Worker-7: Launching mavenrun-9de8ff50-bf21-4fcb-bfae-e68bbc8e9506] INFO  o.eclipse.m2e.core.internal.Bundles - 	Entry: C:\Users\Digital Suppliers\.p2\pool\plugins\org.eclipse.m2e.maven.runtime_3.9.600.20231203-1234\jars\wagon-file-3.5.3.jar
2024-05-21 15:29:51,460 [Worker-7: Launching mavenrun-9de8ff50-bf21-4fcb-bfae-e68bbc8e9506] INFO  o.eclipse.m2e.core.internal.Bundles - 	Entry: C:\Users\Digital Suppliers\.p2\pool\plugins\org.eclipse.m2e.maven.runtime_3.9.600.20231203-1234\jars\wagon-http-3.5.3.jar
2024-05-21 15:29:51,460 [Worker-7: Launching mavenrun-9de8ff50-bf21-4fcb-bfae-e68bbc8e9506] INFO  o.eclipse.m2e.core.internal.Bundles - 	Entry: C:\Users\Digital Suppliers\.p2\pool\plugins\org.eclipse.m2e.maven.runtime_3.9.600.20231203-1234\jars\wagon-http-shared-3.5.3.jar
2024-05-21 15:29:51,460 [Worker-7: Launching mavenrun-9de8ff50-bf21-4fcb-bfae-e68bbc8e9506] INFO  o.eclipse.m2e.core.internal.Bundles - 	Entry: C:\Users\Digital Suppliers\.p2\pool\plugins\org.eclipse.m2e.maven.runtime_3.9.600.20231203-1234\jars\wagon-provider-api-3.5.3.jar
2024-05-21 15:29:51,462 [Worker-7: Launching mavenrun-9de8ff50-bf21-4fcb-bfae-e68bbc8e9506] INFO  o.eclipse.m2e.core.internal.Bundles - getClasspathEntries(Bundle=com.google.guava_33.0.0.jre [14])
2024-05-21 15:29:51,463 [Worker-7: Launching mavenrun-9de8ff50-bf21-4fcb-bfae-e68bbc8e9506] INFO  o.eclipse.m2e.core.internal.Bundles - 	Entry: C:\Users\Digital Suppliers\.p2\pool\plugins\com.google.guava_33.0.0.jre.jar
2024-05-21 15:29:51,463 [Worker-7: Launching mavenrun-9de8ff50-bf21-4fcb-bfae-e68bbc8e9506] INFO  o.eclipse.m2e.core.internal.Bundles - getClasspathEntries(Bundle=slf4j.api_2.0.13 [998])
2024-05-21 15:29:51,464 [Worker-7: Launching mavenrun-9de8ff50-bf21-4fcb-bfae-e68bbc8e9506] INFO  o.eclipse.m2e.core.internal.Bundles - 	Entry: C:\Users\Digital Suppliers\.p2\pool\plugins\slf4j.api_2.0.13.jar
2024-05-21 15:29:51,464 [Worker-7: Launching mavenrun-9de8ff50-bf21-4fcb-bfae-e68bbc8e9506] INFO  o.eclipse.m2e.core.internal.Bundles - getClasspathEntries(Bundle=jakarta.inject.jakarta.inject-api_1.0.5 [32])
2024-05-21 15:29:51,465 [Worker-7: Launching mavenrun-9de8ff50-bf21-4fcb-bfae-e68bbc8e9506] INFO  o.eclipse.m2e.core.internal.Bundles - 	Entry: C:\Users\Digital Suppliers\.p2\pool\plugins\jakarta.inject.jakarta.inject-api_1.0.5.jar
2024-05-21 15:29:51,465 [Worker-7: Launching mavenrun-9de8ff50-bf21-4fcb-bfae-e68bbc8e9506] INFO  o.eclipse.m2e.core.internal.Bundles - getClasspathEntries(Bundle=jakarta.annotation-api_1.3.5 [27])
2024-05-21 15:29:51,466 [Worker-7: Launching mavenrun-9de8ff50-bf21-4fcb-bfae-e68bbc8e9506] INFO  o.eclipse.m2e.core.internal.Bundles - 	Entry: C:\Users\Digital Suppliers\.p2\pool\plugins\jakarta.annotation-api_1.3.5.jar
2024-05-21 15:29:51,466 [Worker-7: Launching mavenrun-9de8ff50-bf21-4fcb-bfae-e68bbc8e9506] INFO  o.eclipse.m2e.core.internal.Bundles - getClasspathEntries(Bundle=org.apache.commons.cli_1.6.0 [75])
2024-05-21 15:29:51,466 [Worker-7: Launching mavenrun-9de8ff50-bf21-4fcb-bfae-e68bbc8e9506] INFO  o.eclipse.m2e.core.internal.Bundles - 	Entry: C:\Users\Digital Suppliers\.p2\pool\plugins\org.apache.commons.cli_1.6.0.jar
2024-05-21 15:29:51,467 [Worker-7: Launching mavenrun-9de8ff50-bf21-4fcb-bfae-e68bbc8e9506] INFO  o.eclipse.m2e.core.internal.Bundles - getClasspathEntries(Bundle=org.apache.commons.commons-codec_1.16.0 [78])
2024-05-21 15:29:51,467 [Worker-7: Launching mavenrun-9de8ff50-bf21-4fcb-bfae-e68bbc8e9506] INFO  o.eclipse.m2e.core.internal.Bundles - 	Entry: C:\Users\Digital Suppliers\.p2\pool\plugins\org.apache.commons.commons-codec_1.16.0.jar
2024-05-21 15:29:51,467 [Worker-7: Launching mavenrun-9de8ff50-bf21-4fcb-bfae-e68bbc8e9506] INFO  o.eclipse.m2e.core.internal.Bundles - getClasspathEntries(Bundle=org.apache.commons.lang3_3.14.0 [86])
2024-05-21 15:29:51,467 [Worker-7: Launching mavenrun-9de8ff50-bf21-4fcb-bfae-e68bbc8e9506] INFO  o.eclipse.m2e.core.internal.Bundles - 	Entry: C:\Users\Digital Suppliers\.p2\pool\plugins\org.apache.commons.lang3_3.14.0.jar
2024-05-21 15:29:51,467 [Worker-7: Launching mavenrun-9de8ff50-bf21-4fcb-bfae-e68bbc8e9506] INFO  o.eclipse.m2e.core.internal.Bundles - getClasspathEntries(Bundle=com.google.guava.failureaccess_1.0.2 [15])
2024-05-21 15:29:51,468 [Worker-7: Launching mavenrun-9de8ff50-bf21-4fcb-bfae-e68bbc8e9506] INFO  o.eclipse.m2e.core.internal.Bundles - 	Entry: C:\Users\Digital Suppliers\.p2\pool\plugins\com.google.guava.failureaccess_1.0.2.jar
2024-05-21 15:29:51,472 [Worker-7: Launching mavenrun-9de8ff50-bf21-4fcb-bfae-e68bbc8e9506] INFO  o.e.m.i.launch.MavenLaunchDelegate - Run build in "C:\Users\DIGITA~1\AppData\Local\Temp\m2e-archetypeGenerator15546302861436637029":
2024-05-21 15:29:51,478 [Worker-7: Launching mavenrun-9de8ff50-bf21-4fcb-bfae-e68bbc8e9506] INFO  o.e.m.i.launch.MavenLaunchDelegate -  mvn  -DarchetypeGroupId=org.apache.maven.archetypes -DarchetypeArtifactId=maven-archetype-quickstart -DarchetypeVersion=1.1 -DgroupId=com.test -DartifactId=crud-app -Dversion=0.0.1-SNAPSHOT -Dpackage=com.test.crud_app -DoutputDirectory="C:\Users\Digital Suppliers\eclipse-workspace" -Dstyle.color=always -U archetype:generate
2024-05-21 15:30:28,749 [Worker-21: Creating maven-archetype-quickstart] INFO  o.e.m.c.i.p.ProjectConfigurationManager - Collecting project info '/pom.xml' C:\Users\Digital Suppliers\eclipse-workspace\crud-app\pom.xml
2024-05-21 15:30:29,399 [Worker-21: Creating maven-archetype-quickstart] INFO  o.e.m.c.i.e.AbstractTransferListenerAdapter - Downloading https://repo.maven.apache.org/maven2/org/apache/maven/plugins/maven-surefire-plugin/3.2.2/maven-surefire-plugin-3.2.2.jar
2024-05-21 15:30:29,672 [Worker-21: Creating maven-archetype-quickstart] INFO  o.e.m.c.i.e.AbstractTransferListenerAdapter - Downloaded https://repo.maven.apache.org/maven2/org/apache/maven/plugins/maven-surefire-plugin/3.2.2/maven-surefire-plugin-3.2.2.jar
2024-05-21 15:30:31,478 [Worker-21: Creating maven-archetype-quickstart] INFO  o.e.m.c.i.l.LifecycleMappingFactory - Using org.eclipse.m2e.jdt.JarLifecycleMapping lifecycle mapping for MavenProject: com.test:crud-app:0.0.1-SNAPSHOT @ C:\Users\Digital Suppliers\eclipse-workspace\crud-app\pom.xml.
2024-05-21 15:30:31,516 [Worker-21: Creating maven-archetype-quickstart] INFO  o.e.m.c.i.e.AbstractTransferListenerAdapter - Downloading https://repo.maven.apache.org/maven2/junit/junit/3.8.1/junit-3.8.1.pom
2024-05-21 15:30:31,551 [Worker-21: Creating maven-archetype-quickstart] INFO  o.e.m.c.i.e.AbstractTransferListenerAdapter - Downloaded https://repo.maven.apache.org/maven2/junit/junit/3.8.1/junit-3.8.1.pom
2024-05-21 15:30:31,599 [Worker-21: Creating maven-archetype-quickstart] INFO  o.e.m.c.i.e.AbstractTransferListenerAdapter - Downloading https://repo.maven.apache.org/maven2/junit/junit/3.8.1/junit-3.8.1.jar
2024-05-21 15:30:31,662 [Worker-21: Creating maven-archetype-quickstart] INFO  o.e.m.c.i.e.AbstractTransferListenerAdapter - Downloaded https://repo.maven.apache.org/maven2/junit/junit/3.8.1/junit-3.8.1.jar
2024-05-21 15:30:31,854 [Worker-21: Creating maven-archetype-quickstart] INFO  o.e.m.c.i.e.AbstractTransferListenerAdapter - Downloading https://repo.maven.apache.org/maven2/org/apache/maven/plugins/maven-surefire-plugin/3.2.2/maven-surefire-plugin-3.2.2.pom
2024-05-21 15:30:31,875 [Worker-21: Creating maven-archetype-quickstart] INFO  o.e.m.c.i.e.AbstractTransferListenerAdapter - Downloaded https://repo.maven.apache.org/maven2/org/apache/maven/plugins/maven-surefire-plugin/3.2.2/maven-surefire-plugin-3.2.2.pom
2024-05-21 15:30:31,924 [Worker-21: Creating maven-archetype-quickstart] INFO  o.e.m.c.i.e.AbstractTransferListenerAdapter - Downloading https://repo.maven.apache.org/maven2/org/apache/maven/surefire/surefire/3.2.2/surefire-3.2.2.pom
2024-05-21 15:30:31,955 [Worker-21: Creating maven-archetype-quickstart] INFO  o.e.m.c.i.e.AbstractTransferListenerAdapter - Downloaded https://repo.maven.apache.org/maven2/org/apache/maven/surefire/surefire/3.2.2/surefire-3.2.2.pom
2024-05-21 15:30:33,549 [Worker-21: Creating maven-archetype-quickstart] INFO  o.e.m.j.i.AbstractJavaProjectConfigurator - Adding source folder /crud-app/src/main/java
2024-05-21 15:30:33,551 [Worker-21: Creating maven-archetype-quickstart] INFO  o.e.m.j.i.AbstractJavaProjectConfigurator - Adding resource folder /crud-app/src/main/resources
2024-05-21 15:30:33,559 [Worker-21: Creating maven-archetype-quickstart] INFO  o.e.m.j.i.AbstractJavaProjectConfigurator - Adding source folder /crud-app/src/test/java
2024-05-21 15:30:33,561 [Worker-21: Creating maven-archetype-quickstart] INFO  o.e.m.j.i.AbstractJavaProjectConfigurator - Adding resource folder /crud-app/src/test/resources
2024-05-21 15:30:33,733 [Worker-21: Creating maven-archetype-quickstart] INFO  o.e.m.c.i.p.ProjectConfigurationManager - Imported and configured 1 project(s) in 4 sec
2024-05-21 15:30:34,300 [Worker-7: Building] INFO  o.a.m.s.f.DefaultMavenResourcesFiltering - skip non existing resourceDirectory C:\Users\Digital Suppliers\eclipse-workspace\crud-app\src\main\resources
2024-05-21 15:30:34,306 [Worker-7: Building] INFO  o.a.m.s.f.DefaultMavenResourcesFiltering - skip non existing resourceDirectory C:\Users\Digital Suppliers\eclipse-workspace\crud-app\src\test\resources
2024-05-21 15:30:34,317 [Worker-14: Download sources and javadoc] INFO  o.e.m.c.i.e.AbstractTransferListenerAdapter - Downloading https://repo.maven.apache.org/maven2/junit/junit/3.8.1/junit-3.8.1-sources.jar
2024-05-21 15:30:34,452 [Worker-14: Download sources and javadoc] INFO  o.e.m.c.i.e.AbstractTransferListenerAdapter - Downloaded https://repo.maven.apache.org/maven2/junit/junit/3.8.1/junit-3.8.1-sources.jar
2024-05-21 15:30:34,460 [Worker-14: Download sources and javadoc] INFO  o.e.m.j.internal.DownloadSourcesJob - Downloaded sources for junit:junit:3.8.1
2024-05-21 15:32:02,064 [Worker-15: Building] INFO  o.e.m.c.i.l.LifecycleMappingFactory - Using org.eclipse.m2e.jdt.JarLifecycleMapping lifecycle mapping for MavenProject: com.test:crud-app:0.0.1-SNAPSHOT @ C:\Users\Digital Suppliers\eclipse-workspace\crud-app\pom.xml.
2024-05-21 15:32:02,208 [Worker-15: Building] INFO  o.e.m.c.i.e.AbstractTransferListenerAdapter - Downloading https://repo.maven.apache.org/maven2/javax/servlet/servlet-api/2.5/servlet-api-2.5.pom
2024-05-21 15:32:02,229 [Worker-15: Building] INFO  o.e.m.c.i.e.AbstractTransferListenerAdapter - Downloaded https://repo.maven.apache.org/maven2/javax/servlet/servlet-api/2.5/servlet-api-2.5.pom
2024-05-21 15:32:02,266 [Worker-15: Building] INFO  o.e.m.c.i.e.AbstractTransferListenerAdapter - Downloading https://repo.maven.apache.org/maven2/com/mysql/mysql-connector-j/8.4.0/mysql-connector-j-8.4.0.pom
2024-05-21 15:32:02,314 [Worker-15: Building] INFO  o.e.m.c.i.e.AbstractTransferListenerAdapter - Downloaded https://repo.maven.apache.org/maven2/com/mysql/mysql-connector-j/8.4.0/mysql-connector-j-8.4.0.pom
2024-05-21 15:32:02,350 [Worker-15: Building] INFO  o.e.m.c.i.e.AbstractTransferListenerAdapter - Downloading https://repo.maven.apache.org/maven2/com/google/protobuf/protobuf-java/3.25.1/protobuf-java-3.25.1.pom
2024-05-21 15:32:02,375 [Worker-15: Building] INFO  o.e.m.c.i.e.AbstractTransferListenerAdapter - Downloaded https://repo.maven.apache.org/maven2/com/google/protobuf/protobuf-java/3.25.1/protobuf-java-3.25.1.pom
2024-05-21 15:32:02,407 [Worker-15: Building] INFO  o.e.m.c.i.e.AbstractTransferListenerAdapter - Downloading https://repo.maven.apache.org/maven2/com/google/protobuf/protobuf-parent/3.25.1/protobuf-parent-3.25.1.pom
2024-05-21 15:32:02,435 [Worker-15: Building] INFO  o.e.m.c.i.e.AbstractTransferListenerAdapter - Downloaded https://repo.maven.apache.org/maven2/com/google/protobuf/protobuf-parent/3.25.1/protobuf-parent-3.25.1.pom
2024-05-21 15:32:02,476 [Worker-15: Building] INFO  o.e.m.c.i.e.AbstractTransferListenerAdapter - Downloading https://repo.maven.apache.org/maven2/com/google/protobuf/protobuf-bom/3.25.1/protobuf-bom-3.25.1.pom
2024-05-21 15:32:02,503 [Worker-15: Building] INFO  o.e.m.c.i.e.AbstractTransferListenerAdapter - Downloaded https://repo.maven.apache.org/maven2/com/google/protobuf/protobuf-bom/3.25.1/protobuf-bom-3.25.1.pom
2024-05-21 15:32:02,540 [Worker-15: Building] INFO  o.e.m.c.i.e.AbstractTransferListenerAdapter - Downloading https://repo.maven.apache.org/maven2/javax/servlet/servlet-api/2.5/servlet-api-2.5.jar
2024-05-21 15:32:02,671 [Worker-15: Building] INFO  o.e.m.c.i.e.AbstractTransferListenerAdapter - Downloaded https://repo.maven.apache.org/maven2/javax/servlet/servlet-api/2.5/servlet-api-2.5.jar
2024-05-21 15:32:02,704 [BasicRepositoryConnector-repo.maven.apache.org-0-1] INFO  o.e.m.c.i.e.AbstractTransferListenerAdapter - Downloading https://repo.maven.apache.org/maven2/com/google/protobuf/protobuf-java/3.25.1/protobuf-java-3.25.1.jar
2024-05-21 15:32:02,804 [BasicRepositoryConnector-repo.maven.apache.org-0-0] INFO  o.e.m.c.i.e.AbstractTransferListenerAdapter - Downloading https://repo.maven.apache.org/maven2/com/mysql/mysql-connector-j/8.4.0/mysql-connector-j-8.4.0.jar
2024-05-21 15:32:18,328 [BasicRepositoryConnector-repo.maven.apache.org-0-1] INFO  o.e.m.c.i.e.AbstractTransferListenerAdapter - Downloaded https://repo.maven.apache.org/maven2/com/google/protobuf/protobuf-java/3.25.1/protobuf-java-3.25.1.jar
2024-05-21 15:32:20,624 [BasicRepositoryConnector-repo.maven.apache.org-0-0] INFO  o.e.m.c.i.e.AbstractTransferListenerAdapter - Downloaded https://repo.maven.apache.org/maven2/com/mysql/mysql-connector-j/8.4.0/mysql-connector-j-8.4.0.jar
2024-05-21 15:32:20,788 [Worker-15: Building] INFO  o.a.m.s.f.DefaultMavenResourcesFiltering - skip non existing resourceDirectory C:\Users\Digital Suppliers\eclipse-workspace\crud-app\src\main\resources
2024-05-21 15:32:20,793 [Worker-15: Building] INFO  o.a.m.s.f.DefaultMavenResourcesFiltering - skip non existing resourceDirectory C:\Users\Digital Suppliers\eclipse-workspace\crud-app\src\test\resources
2024-05-21 15:32:21,781 [Worker-14: Download sources and javadoc] INFO  o.e.m.c.i.e.AbstractTransferListenerAdapter - Downloading https://repo.maven.apache.org/maven2/javax/servlet/servlet-api/2.5/servlet-api-2.5-sources.jar
2024-05-21 15:32:21,885 [Worker-14: Download sources and javadoc] INFO  o.e.m.c.i.e.AbstractTransferListenerAdapter - Downloaded https://repo.maven.apache.org/maven2/javax/servlet/servlet-api/2.5/servlet-api-2.5-sources.jar
2024-05-21 15:32:21,891 [Worker-14: Download sources and javadoc] INFO  o.e.m.j.internal.DownloadSourcesJob - Downloaded sources for javax.servlet:servlet-api:2.5
2024-05-21 15:32:21,987 [Worker-14: Download sources and javadoc] INFO  o.e.m.c.i.e.AbstractTransferListenerAdapter - Downloading https://repo.maven.apache.org/maven2/com/mysql/mysql-connector-j/8.4.0/mysql-connector-j-8.4.0-sources.jar
2024-05-21 15:32:22,200 [Worker-13: Building] INFO  o.a.m.s.f.DefaultMavenResourcesFiltering - skip non existing resourceDirectory C:\Users\Digital Suppliers\eclipse-workspace\crud-app\src\main\resources
2024-05-21 15:32:22,203 [Worker-13: Building] INFO  o.a.m.s.f.DefaultMavenResourcesFiltering - skip non existing resourceDirectory C:\Users\Digital Suppliers\eclipse-workspace\crud-app\src\test\resources
2024-05-21 15:32:22,497 [Worker-14: Download sources and javadoc] INFO  o.e.m.c.i.e.AbstractTransferListenerAdapter - Downloaded https://repo.maven.apache.org/maven2/com/mysql/mysql-connector-j/8.4.0/mysql-connector-j-8.4.0-sources.jar
2024-05-21 15:32:22,502 [Worker-14: Download sources and javadoc] INFO  o.e.m.j.internal.DownloadSourcesJob - Downloaded sources for com.mysql:mysql-connector-j:8.4.0
2024-05-21 15:32:22,607 [Worker-14: Download sources and javadoc] INFO  o.e.m.c.i.e.AbstractTransferListenerAdapter - Downloading https://repo.maven.apache.org/maven2/com/google/protobuf/protobuf-java/3.25.1/protobuf-java-3.25.1-sources.jar
2024-05-21 15:32:25,915 [Worker-14: Download sources and javadoc] INFO  o.e.m.c.i.e.AbstractTransferListenerAdapter - Downloaded https://repo.maven.apache.org/maven2/com/google/protobuf/protobuf-java/3.25.1/protobuf-java-3.25.1-sources.jar
2024-05-21 15:32:25,920 [Worker-14: Download sources and javadoc] INFO  o.e.m.j.internal.DownloadSourcesJob - Downloaded sources for com.google.protobuf:protobuf-java:3.25.1
2024-05-27 16:58:31,364 [Worker-6: Loading available Gradle versions] INFO  o.e.b.c.i.u.g.PublishedGradleVersions - Gradle version information cache is up-to-date. Trying to read.
2024-05-28 16:00:08,923 [Worker-0: Loading available Gradle versions] INFO  o.e.b.c.i.u.g.PublishedGradleVersions - Gradle version information cache is out-of-date. Trying to update.
2024-05-29 16:10:49,713 [Worker-0: Loading available Gradle versions] INFO  o.e.b.c.i.u.g.PublishedGradleVersions - Gradle version information cache is out-of-date. Trying to update.
2024-05-30 15:38:45,755 [Worker-3: Loading available Gradle versions] INFO  o.e.b.c.i.u.g.PublishedGradleVersions - Gradle version information cache is up-to-date. Trying to read.
2024-05-31 15:35:11,903 [Worker-2: Loading available Gradle versions] INFO  o.e.b.c.i.u.g.PublishedGradleVersions - Gradle version information cache is out-of-date. Trying to update.
2024-06-01 12:21:35,946 [Worker-2: Loading available Gradle versions] INFO  o.e.b.c.i.u.g.PublishedGradleVersions - Gradle version information cache is up-to-date. Trying to read.
2024-06-03 15:47:58,500 [Worker-2: Loading available Gradle versions] INFO  o.e.b.c.i.u.g.PublishedGradleVersions - Gradle version information cache is up-to-date. Trying to read.
2024-06-04 16:13:56,325 [Worker-3: Loading available Gradle versions] INFO  o.e.b.c.i.u.g.PublishedGradleVersions - Gradle version information cache is out-of-date. Trying to update.
2024-06-05 15:56:09,655 [Worker-2: Loading available Gradle versions] INFO  o.e.b.c.i.u.g.PublishedGradleVersions - Gradle version information cache is up-to-date. Trying to read.
2024-06-06 15:42:11,954 [Worker-1: Loading available Gradle versions] INFO  o.e.b.c.i.u.g.PublishedGradleVersions - Gradle version information cache is out-of-date. Trying to update.
2024-06-10 15:53:02,023 [Worker-1: Loading available Gradle versions] INFO  o.e.b.c.i.u.g.PublishedGradleVersions - Gradle version information cache is up-to-date. Trying to read.
2024-06-12 16:00:10,085 [Worker-5: Loading available Gradle versions] INFO  o.e.b.c.i.u.g.PublishedGradleVersions - Gradle version information cache is up-to-date. Trying to read.
2024-06-13 15:45:48,087 [Worker-4: Loading available Gradle versions] INFO  o.e.b.c.i.u.g.PublishedGradleVersions - Gradle version information cache is out-of-date. Trying to update.
2024-06-14 16:00:18,048 [Worker-4: Loading available Gradle versions] INFO  o.e.b.c.i.u.g.PublishedGradleVersions - Gradle version information cache is out-of-date. Trying to update.
2024-06-18 15:09:19,219 [Worker-2: Loading available Gradle versions] INFO  o.e.b.c.i.u.g.PublishedGradleVersions - Gradle version information cache is out-of-date. Trying to update.
2024-06-19 11:29:02,795 [Worker-3: Loading available Gradle versions] INFO  o.e.b.c.i.u.g.PublishedGradleVersions - Gradle version information cache is up-to-date. Trying to read.
2024-06-19 15:44:55,312 [Worker-1: Loading available Gradle versions] INFO  o.e.b.c.i.u.g.PublishedGradleVersions - Gradle version information cache is out-of-date. Trying to update.
2024-06-20 10:14:55,740 [Worker-1: Loading available Gradle versions] INFO  o.e.b.c.i.u.g.PublishedGradleVersions - Gradle version information cache is up-to-date. Trying to read.
2024-06-21 12:42:51,745 [Worker-4: Loading available Gradle versions] INFO  o.e.b.c.i.u.g.PublishedGradleVersions - Gradle version information cache is out-of-date. Trying to update.
2024-06-24 10:03:22,608 [Worker-4: Loading available Gradle versions] INFO  o.e.b.c.i.u.g.PublishedGradleVersions - Gradle version information cache is out-of-date. Trying to update.
2024-06-25 12:25:32,619 [Worker-4: Loading available Gradle versions] INFO  o.e.b.c.i.u.g.PublishedGradleVersions - Gradle version information cache is out-of-date. Trying to update.
2024-06-26 15:41:01,466 [Worker-1: Loading available Gradle versions] INFO  o.e.b.c.i.u.g.PublishedGradleVersions - Gradle version information cache is out-of-date. Trying to update.
2024-06-27 16:16:09,424 [Worker-4: Loading available Gradle versions] INFO  o.e.b.c.i.u.g.PublishedGradleVersions - Gradle version information cache is out-of-date. Trying to update.
2024-06-28 15:26:08,084 [Worker-3: Loading available Gradle versions] INFO  o.e.b.c.i.u.g.PublishedGradleVersions - Gradle version information cache is up-to-date. Trying to read.
2024-07-01 12:00:12,028 [Worker-7: Loading available Gradle versions] INFO  o.e.b.c.i.u.g.PublishedGradleVersions - Gradle version information cache is out-of-date. Trying to update.
